<?xml version="1.0" encoding="UTF-8" standalone="yes"?><!DOCTYPE report PUBLIC "-//JACOCO//DTD Report 1.1//EN" "report.dtd"><report name="first-java-proj"><sessioninfo id="Davids-MBP-876c4450" start="1649770064530" dump="1649770064707"/><sessioninfo id="Davids-MBP-bfaeecea" start="1649770791211" dump="1649770791390"/><sessioninfo id="Davids-MBP-930ab526" start="1649771302773" dump="1649771302996"/><sessioninfo id="Davids-MBP-8db1fd53" start="1649771347153" dump="1649771347345"/><sessioninfo id="Davids-MBP-3b530f73" start="1649857630834" dump="1649857631024"/><sessioninfo id="Davids-MBP-37d29c93" start="1649957288214" dump="1649957288400"/><sessioninfo id="Davids-MBP-c31233ee" start="1650355683696" dump="1650355683874"/><sessioninfo id="Davids-MBP-818745f5" start="1650355714068" dump="1650355714242"/><sessioninfo id="Davids-MBP-8f24f831" start="1650358659419" dump="1650358659597"/><sessioninfo id="Davids-MBP-6679d478" start="1650358675319" dump="1650358675493"/><sessioninfo id="Davids-MBP-44e990b5" start="1650383664161" dump="1650383664351"/><package name="com/codacy/tests"><class name="com/codacy/tests/App" sourcefilename="App.java"><method name="&lt;init&gt;" desc="()V" line="7"><counter type="INSTRUCTION" missed="0" covered="3"/><counter type="LINE" missed="0" covered="1"/><counter type="COMPLEXITY" missed="0" covered="1"/><counter type="METHOD" missed="0" covered="1"/></method><method name="main" desc="([Ljava/lang/String;)V" line="11"><counter type="INSTRUCTION" missed="4" covered="0"/><counter type="LINE" missed="2" covered="0"/><counter type="COMPLEXITY" missed="1" covered="0"/><counter type="METHOD" missed="1" covered="0"/></method><method name="sumNumbers" desc="(II)I" line="15"><counter type="INSTRUCTION" missed="0" covered="4"/><counter type="LINE" missed="0" covered="1"/><counter type="COMPLEXITY" missed="0" covered="1"/><counter type="METHOD" missed="0" covered="1"/></method><counter type="INSTRUCTION" missed="4" covered="7"/><counter type="LINE" missed="2" covered="2"/><counter type="COMPLEXITY" missed="1" covered="2"/><counter type="METHOD" missed="1" covered="2"/><counter type="CLASS" missed="0" covered="1"/></class><sourcefile name="App.java"><line nr="7" mi="0" ci="3" mb="0" cb="0"/><line nr="11" mi="3" ci="0" mb="0" cb="0"/><line nr="12" mi="1" ci="0" mb="0" cb="0"/><line nr="15" mi="0" ci="4" mb="0" cb="0"/><counter type="INSTRUCTION" missed="4" covered="7"/><counter type="LINE" missed="2" covered="2"/><counter type="COMPLEXITY" missed="1" covered="2"/><counter type="METHOD" missed="1" covered="2"/><counter type="CLASS" missed="0" covered="1"/></sourcefile><counter type="INSTRUCTION" missed="4" covered="7"/><counter type="LINE" missed="2" covered="2"/><counter type="COMPLEXITY" missed="1" covered="2"/><counter type="METHOD" missed="1" covered="2"/><counter type="CLASS" missed="0" covered="1"/></package><counter type="INSTRUCTION" missed="4" covered="7"/><counter type="LINE" missed="2" covered="2"/><counter type="COMPLEXITY" missed="1" covered="2"/><counter type="METHOD" missed="1" covered="2"/><counter type="CLASS" missed="0" covered="1"/></report>